This file contains any messages produced by compilers while
running configure, to aid debugging if configure makes a mistake.

It was created by pngnq configure 1.1, which was
generated by GNU Autoconf 2.65.  Invocation command line was

  $ ./configure 

## --------- ##
## Platform. ##
## --------- ##

hostname = Cogito.local
uname -m = x86_64
uname -r = 11.4.0
uname -s = Darwin
uname -v = Darwin Kernel Version 11.4.0: Mon Apr  9 19:32:15 PDT 2012; root:xnu-1699.26.8~1/RELEASE_X86_64

/usr/bin/uname -p = i386
/bin/uname -X     = unknown

/bin/arch              = unknown
/usr/bin/arch -k       = unknown
/usr/convex/getsysinfo = unknown
/usr/bin/hostinfo      = Mach kernel version:
	 Darwin Kernel Version 11.4.0: Mon Apr  9 19:32:15 PDT 2012; root:xnu-1699.26.8~1/RELEASE_X86_64
Kernel configured for up to 8 processors.
4 processors are physically available.
8 processors are logically available.
Processor type: i486 (Intel 80486)
Processors active: 0 1 2 3 4 5 6 7
Primary memory available: 8.00 gigabytes
Default processor set: 129 tasks, 735 threads, 8 processors
Load average: 1.92, Mach factor: 6.07
/bin/machine           = unknown
/usr/bin/oslevel       = unknown
/bin/universe          = unknown

PATH: /Users/kstenerud/narwhal/bin
PATH: /usr/local/narwhal/bin
PATH: /Users/kstenerud/Library/Haskell/bin
PATH: /usr/local/sbin
PATH: /usr/local/bin
PATH: /usr/bin
PATH: /bin
PATH: /usr/sbin
PATH: /sbin
PATH: /usr/local/bin
PATH: /usr/X11/bin
PATH: /usr/texbin
PATH: /usr/lib/postgresql/8.4/bin
PATH: /usr/local/mysql/bin
PATH: /Developer/Platforms/iPhoneOS.platform/Developer/usr/bin


## ----------- ##
## Core tests. ##
## ----------- ##

configure:2215: checking for a BSD-compatible install
configure:2283: result: /usr/bin/install -c
configure:2294: checking whether build environment is sane
configure:2344: result: yes
configure:2485: checking for a thread-safe mkdir -p
configure:2524: result: ./install-sh -c -d
configure:2537: checking for gawk
configure:2567: result: no
configure:2537: checking for mawk
configure:2567: result: no
configure:2537: checking for nawk
configure:2567: result: no
configure:2537: checking for awk
configure:2553: found /usr/bin/awk
configure:2564: result: awk
configure:2575: checking whether make sets $(MAKE)
configure:2597: result: yes
configure:2682: checking for libpng-config
configure:2698: found /usr/X11/bin/libpng-config
configure:2709: result: 1
configure:2731: checking for style of include used by make
configure:2759: result: GNU
configure:2829: checking for gcc
configure:2845: found /usr/bin/gcc
configure:2856: result: gcc
configure:3085: checking for C compiler version
configure:3094: gcc --version >&5
i686-apple-darwin11-llvm-gcc-4.2 (GCC) 4.2.1 (Based on Apple Inc. build 5658) (LLVM build 2336.1.00)
Copyright (C) 2007 Free Software Foundation, Inc.
This is free software; see the source for copying conditions.  There is NO
warranty; not even for MERCHANTABILITY or FITNESS FOR A PARTICULAR PURPOSE.

configure:3105: $? = 0
configure:3094: gcc -v >&5
Using built-in specs.
Target: i686-apple-darwin11
Configured with: /private/var/tmp/llvmgcc42/llvmgcc42-2336.1~22/src/configure --disable-checking --enable-werror --prefix=/Developer/usr/llvm-gcc-4.2 --mandir=/share/man --enable-languages=c,objc,c++,obj-c++ --program-prefix=llvm- --program-transform-name=/^[cg][^.-]*$/s/$/-4.2/ --with-slibdir=/usr/lib --build=i686-apple-darwin11 --enable-llvm=/private/var/tmp/llvmgcc42/llvmgcc42-2336.1~22/dst-llvmCore/Developer/usr/local --program-prefix=i686-apple-darwin11- --host=x86_64-apple-darwin11 --target=i686-apple-darwin11 --with-gxx-include-dir=/usr/include/c++/4.2.1
Thread model: posix
gcc version 4.2.1 (Based on Apple Inc. build 5658) (LLVM build 2336.1.00)
configure:3105: $? = 0
configure:3094: gcc -V >&5
llvm-gcc-4.2: argument to `-V' is missing
configure:3105: $? = 1
configure:3094: gcc -qversion >&5
i686-apple-darwin11-llvm-gcc-4.2: no input files
configure:3105: $? = 1
configure:3125: checking whether the C compiler works
configure:3147: gcc    conftest.c  >&5
configure:3151: $? = 0
configure:3200: result: yes
configure:3203: checking for C compiler default output file name
configure:3205: result: a.out
configure:3211: checking for suffix of executables
configure:3218: gcc -o conftest    conftest.c  >&5
configure:3222: $? = 0
configure:3244: result: 
configure:3266: checking whether we are cross compiling
configure:3274: gcc -o conftest    conftest.c  >&5
configure:3278: $? = 0
configure:3285: ./conftest
configure:3289: $? = 0
configure:3304: result: no
configure:3309: checking for suffix of object files
configure:3331: gcc -c   conftest.c >&5
configure:3335: $? = 0
configure:3356: result: o
configure:3360: checking whether we are using the GNU C compiler
configure:3379: gcc -c   conftest.c >&5
configure:3379: $? = 0
configure:3388: result: yes
configure:3397: checking whether gcc accepts -g
configure:3417: gcc -c -g  conftest.c >&5
configure:3417: $? = 0
configure:3458: result: yes
configure:3475: checking for gcc option to accept ISO C89
configure:3539: gcc  -c -g -O2  conftest.c >&5
configure:3539: $? = 0
configure:3552: result: none needed
configure:3574: checking dependency style of gcc
configure:3684: result: gcc3
configure:3705: checking how to run the C preprocessor
configure:3736: gcc -E  conftest.c
configure:3736: $? = 0
configure:3750: gcc -E  conftest.c
conftest.c:11:28: error: ac_nonexistent.h: No such file or directory
configure:3750: $? = 1
configure: failed program was:
| /* confdefs.h */
| #define PACKAGE_NAME "pngnq"
| #define PACKAGE_TARNAME "pngnq"
| #define PACKAGE_VERSION "1.1"
| #define PACKAGE_STRING "pngnq 1.1"
| #define PACKAGE_BUGREPORT "stuart.coyle@gmail.com"
| #define PACKAGE_URL ""
| #define PACKAGE "pngnq"
| #define VERSION "1.1"
| /* end confdefs.h.  */
| #include <ac_nonexistent.h>
configure:3775: result: gcc -E
configure:3795: gcc -E  conftest.c
configure:3795: $? = 0
configure:3809: gcc -E  conftest.c
conftest.c:11:28: error: ac_nonexistent.h: No such file or directory
configure:3809: $? = 1
configure: failed program was:
| /* confdefs.h */
| #define PACKAGE_NAME "pngnq"
| #define PACKAGE_TARNAME "pngnq"
| #define PACKAGE_VERSION "1.1"
| #define PACKAGE_STRING "pngnq 1.1"
| #define PACKAGE_BUGREPORT "stuart.coyle@gmail.com"
| #define PACKAGE_URL ""
| #define PACKAGE "pngnq"
| #define VERSION "1.1"
| /* end confdefs.h.  */
| #include <ac_nonexistent.h>
configure:3838: checking for grep that handles long lines and -e
configure:3896: result: /usr/bin/grep
configure:3901: checking for egrep
configure:3963: result: /usr/bin/grep -E
configure:3968: checking for ANSI C header files
configure:3988: gcc -c -g -O2  conftest.c >&5
configure:3988: $? = 0
configure:4061: gcc -o conftest -g -O2   conftest.c  >&5
configure:4061: $? = 0
configure:4061: ./conftest
configure:4061: $? = 0
configure:4072: result: yes
configure:4085: checking for sys/types.h
configure:4085: gcc -c -g -O2  conftest.c >&5
configure:4085: $? = 0
configure:4085: result: yes
configure:4085: checking for sys/stat.h
configure:4085: gcc -c -g -O2  conftest.c >&5
configure:4085: $? = 0
configure:4085: result: yes
configure:4085: checking for stdlib.h
configure:4085: gcc -c -g -O2  conftest.c >&5
configure:4085: $? = 0
configure:4085: result: yes
configure:4085: checking for string.h
configure:4085: gcc -c -g -O2  conftest.c >&5
configure:4085: $? = 0
configure:4085: result: yes
configure:4085: checking for memory.h
configure:4085: gcc -c -g -O2  conftest.c >&5
configure:4085: $? = 0
configure:4085: result: yes
configure:4085: checking for strings.h
configure:4085: gcc -c -g -O2  conftest.c >&5
configure:4085: $? = 0
configure:4085: result: yes
configure:4085: checking for inttypes.h
configure:4085: gcc -c -g -O2  conftest.c >&5
configure:4085: $? = 0
configure:4085: result: yes
configure:4085: checking for stdint.h
configure:4085: gcc -c -g -O2  conftest.c >&5
configure:4085: $? = 0
configure:4085: result: yes
configure:4085: checking for unistd.h
configure:4085: gcc -c -g -O2  conftest.c >&5
configure:4085: $? = 0
configure:4085: result: yes
configure:4100: checking ctype.h usability
configure:4100: gcc -c -g -O2  conftest.c >&5
configure:4100: $? = 0
configure:4100: result: yes
configure:4100: checking ctype.h presence
configure:4100: gcc -E  conftest.c
configure:4100: $? = 0
configure:4100: result: yes
configure:4100: checking for ctype.h
configure:4100: result: yes
configure:4112: checking for sys/stat.h
configure:4112: result: yes
configure:4124: checking sys/time.h usability
configure:4124: gcc -c -g -O2  conftest.c >&5
configure:4124: $? = 0
configure:4124: result: yes
configure:4124: checking sys/time.h presence
configure:4124: gcc -E  conftest.c
configure:4124: $? = 0
configure:4124: result: yes
configure:4124: checking for sys/time.h
configure:4124: result: yes
configure:4136: checking valgrind/callgrind.h usability
configure:4136: gcc -c -g -O2  conftest.c >&5
conftest.c:57:32: error: valgrind/callgrind.h: No such file or directory
configure:4136: $? = 1
configure: failed program was:
| /* confdefs.h */
| #define PACKAGE_NAME "pngnq"
| #define PACKAGE_TARNAME "pngnq"
| #define PACKAGE_VERSION "1.1"
| #define PACKAGE_STRING "pngnq 1.1"
| #define PACKAGE_BUGREPORT "stuart.coyle@gmail.com"
| #define PACKAGE_URL ""
| #define PACKAGE "pngnq"
| #define VERSION "1.1"
| #define STDC_HEADERS 1
| #define HAVE_SYS_TYPES_H 1
| #define HAVE_SYS_STAT_H 1
| #define HAVE_STDLIB_H 1
| #define HAVE_STRING_H 1
| #define HAVE_MEMORY_H 1
| #define HAVE_STRINGS_H 1
| #define HAVE_INTTYPES_H 1
| #define HAVE_STDINT_H 1
| #define HAVE_UNISTD_H 1
| #define HAVE_CTYPE_H 1
| #define HAVE_SYS_STAT_H 1
| #define HAVE_SYS_TIME_H 1
| /* end confdefs.h.  */
| #include <stdio.h>
| #ifdef HAVE_SYS_TYPES_H
| # include <sys/types.h>
| #endif
| #ifdef HAVE_SYS_STAT_H
| # include <sys/stat.h>
| #endif
| #ifdef STDC_HEADERS
| # include <stdlib.h>
| # include <stddef.h>
| #else
| # ifdef HAVE_STDLIB_H
| #  include <stdlib.h>
| # endif
| #endif
| #ifdef HAVE_STRING_H
| # if !defined STDC_HEADERS && defined HAVE_MEMORY_H
| #  include <memory.h>
| # endif
| # include <string.h>
| #endif
| #ifdef HAVE_STRINGS_H
| # include <strings.h>
| #endif
| #ifdef HAVE_INTTYPES_H
| # include <inttypes.h>
| #endif
| #ifdef HAVE_STDINT_H
| # include <stdint.h>
| #endif
| #ifdef HAVE_UNISTD_H
| # include <unistd.h>
| #endif
| #include <valgrind/callgrind.h>
configure:4136: result: no
configure:4136: checking valgrind/callgrind.h presence
configure:4136: gcc -E  conftest.c
conftest.c:24:32: error: valgrind/callgrind.h: No such file or directory
configure:4136: $? = 1
configure: failed program was:
| /* confdefs.h */
| #define PACKAGE_NAME "pngnq"
| #define PACKAGE_TARNAME "pngnq"
| #define PACKAGE_VERSION "1.1"
| #define PACKAGE_STRING "pngnq 1.1"
| #define PACKAGE_BUGREPORT "stuart.coyle@gmail.com"
| #define PACKAGE_URL ""
| #define PACKAGE "pngnq"
| #define VERSION "1.1"
| #define STDC_HEADERS 1
| #define HAVE_SYS_TYPES_H 1
| #define HAVE_SYS_STAT_H 1
| #define HAVE_STDLIB_H 1
| #define HAVE_STRING_H 1
| #define HAVE_MEMORY_H 1
| #define HAVE_STRINGS_H 1
| #define HAVE_INTTYPES_H 1
| #define HAVE_STDINT_H 1
| #define HAVE_UNISTD_H 1
| #define HAVE_CTYPE_H 1
| #define HAVE_SYS_STAT_H 1
| #define HAVE_SYS_TIME_H 1
| /* end confdefs.h.  */
| #include <valgrind/callgrind.h>
configure:4136: result: no
configure:4136: checking for valgrind/callgrind.h
configure:4136: result: no
configure:4148: checking fcntl.h usability
configure:4148: gcc -c -g -O2  conftest.c >&5
configure:4148: $? = 0
configure:4148: result: yes
configure:4148: checking fcntl.h presence
configure:4148: gcc -E  conftest.c
configure:4148: $? = 0
configure:4148: result: yes
configure:4148: checking for fcntl.h
configure:4148: result: yes
configure:4160: checking for unistd.h
configure:4160: result: yes
configure:4172: checking for stdlib.h
configure:4172: result: yes
configure:4232: checking for gcc
configure:4259: result: gcc
configure:4488: checking for C compiler version
configure:4497: gcc --version >&5
i686-apple-darwin11-llvm-gcc-4.2 (GCC) 4.2.1 (Based on Apple Inc. build 5658) (LLVM build 2336.1.00)
Copyright (C) 2007 Free Software Foundation, Inc.
This is free software; see the source for copying conditions.  There is NO
warranty; not even for MERCHANTABILITY or FITNESS FOR A PARTICULAR PURPOSE.

configure:4508: $? = 0
configure:4497: gcc -v >&5
Using built-in specs.
Target: i686-apple-darwin11
Configured with: /private/var/tmp/llvmgcc42/llvmgcc42-2336.1~22/src/configure --disable-checking --enable-werror --prefix=/Developer/usr/llvm-gcc-4.2 --mandir=/share/man --enable-languages=c,objc,c++,obj-c++ --program-prefix=llvm- --program-transform-name=/^[cg][^.-]*$/s/$/-4.2/ --with-slibdir=/usr/lib --build=i686-apple-darwin11 --enable-llvm=/private/var/tmp/llvmgcc42/llvmgcc42-2336.1~22/dst-llvmCore/Developer/usr/local --program-prefix=i686-apple-darwin11- --host=x86_64-apple-darwin11 --target=i686-apple-darwin11 --with-gxx-include-dir=/usr/include/c++/4.2.1
Thread model: posix
gcc version 4.2.1 (Based on Apple Inc. build 5658) (LLVM build 2336.1.00)
configure:4508: $? = 0
configure:4497: gcc -V >&5
llvm-gcc-4.2: argument to `-V' is missing
configure:4508: $? = 1
configure:4497: gcc -qversion >&5
i686-apple-darwin11-llvm-gcc-4.2: no input files
configure:4508: $? = 1
configure:4512: checking whether we are using the GNU C compiler
configure:4540: result: yes
configure:4549: checking whether gcc accepts -g
configure:4610: result: yes
configure:4627: checking for gcc option to accept ISO C89
configure:4704: result: none needed
configure:4726: checking dependency style of gcc
configure:4836: result: gcc3
configure:4851: checking for an ANSI C-conforming const
configure:4916: gcc -c -g -O2  conftest.c >&5
configure:4916: $? = 0
configure:4923: result: yes
configure:4933: checking for stdlib.h
configure:4933: result: yes
configure:4943: checking for GNU libc compatible malloc
configure:4967: gcc -o conftest -g -O2   conftest.c  >&5
configure:4967: $? = 0
configure:4967: ./conftest
configure:4967: $? = 0
configure:4977: result: yes
configure:4998: checking whether lstat correctly handles trailing slash
configure:5024: gcc -o conftest -g -O2   conftest.c  >&5
configure:5024: $? = 0
configure:5024: ./conftest
configure:5024: $? = 1
configure: program exited with status 1
configure: failed program was:
| /* confdefs.h */
| #define PACKAGE_NAME "pngnq"
| #define PACKAGE_TARNAME "pngnq"
| #define PACKAGE_VERSION "1.1"
| #define PACKAGE_STRING "pngnq 1.1"
| #define PACKAGE_BUGREPORT "stuart.coyle@gmail.com"
| #define PACKAGE_URL ""
| #define PACKAGE "pngnq"
| #define VERSION "1.1"
| #define STDC_HEADERS 1
| #define HAVE_SYS_TYPES_H 1
| #define HAVE_SYS_STAT_H 1
| #define HAVE_STDLIB_H 1
| #define HAVE_STRING_H 1
| #define HAVE_MEMORY_H 1
| #define HAVE_STRINGS_H 1
| #define HAVE_INTTYPES_H 1
| #define HAVE_STDINT_H 1
| #define HAVE_UNISTD_H 1
| #define HAVE_CTYPE_H 1
| #define HAVE_SYS_STAT_H 1
| #define HAVE_SYS_TIME_H 1
| #define HAVE_FCNTL_H 1
| #define HAVE_UNISTD_H 1
| #define HAVE_STDLIB_H 1
| #define HAVE_STDLIB_H 1
| #define HAVE_MALLOC 1
| /* end confdefs.h.  */
| #include <stdio.h>
| #ifdef HAVE_SYS_TYPES_H
| # include <sys/types.h>
| #endif
| #ifdef HAVE_SYS_STAT_H
| # include <sys/stat.h>
| #endif
| #ifdef STDC_HEADERS
| # include <stdlib.h>
| # include <stddef.h>
| #else
| # ifdef HAVE_STDLIB_H
| #  include <stdlib.h>
| # endif
| #endif
| #ifdef HAVE_STRING_H
| # if !defined STDC_HEADERS && defined HAVE_MEMORY_H
| #  include <memory.h>
| # endif
| # include <string.h>
| #endif
| #ifdef HAVE_STRINGS_H
| # include <strings.h>
| #endif
| #ifdef HAVE_INTTYPES_H
| # include <inttypes.h>
| #endif
| #ifdef HAVE_STDINT_H
| # include <stdint.h>
| #endif
| #ifdef HAVE_UNISTD_H
| # include <unistd.h>
| #endif
| int
| main ()
| {
| struct stat sbuf;
|      /* Linux will dereference the symlink and fail, as required by POSIX.
| 	That is better in the sense that it means we will not
| 	have to compile and use the lstat wrapper.  */
|      return lstat ("conftest.sym/", &sbuf) == 0;
|   ;
|   return 0;
| }
configure:5041: result: no
configure:5060: checking whether stat accepts an empty string
configure:5080: gcc -o conftest -g -O2   conftest.c  >&5
configure:5080: $? = 0
configure:5080: ./conftest
configure:5080: $? = 0
configure:5090: result: no
configure:5106: checking for stdbool.h that conforms to C99
configure:5191: gcc -c -g -O2  conftest.c >&5
conftest.c:84: error: initializer element is not constant
configure:5191: $? = 1
configure: failed program was:
| /* confdefs.h */
| #define PACKAGE_NAME "pngnq"
| #define PACKAGE_TARNAME "pngnq"
| #define PACKAGE_VERSION "1.1"
| #define PACKAGE_STRING "pngnq 1.1"
| #define PACKAGE_BUGREPORT "stuart.coyle@gmail.com"
| #define PACKAGE_URL ""
| #define PACKAGE "pngnq"
| #define VERSION "1.1"
| #define STDC_HEADERS 1
| #define HAVE_SYS_TYPES_H 1
| #define HAVE_SYS_STAT_H 1
| #define HAVE_STDLIB_H 1
| #define HAVE_STRING_H 1
| #define HAVE_MEMORY_H 1
| #define HAVE_STRINGS_H 1
| #define HAVE_INTTYPES_H 1
| #define HAVE_STDINT_H 1
| #define HAVE_UNISTD_H 1
| #define HAVE_CTYPE_H 1
| #define HAVE_SYS_STAT_H 1
| #define HAVE_SYS_TIME_H 1
| #define HAVE_FCNTL_H 1
| #define HAVE_UNISTD_H 1
| #define HAVE_STDLIB_H 1
| #define HAVE_STDLIB_H 1
| #define HAVE_MALLOC 1
| /* end confdefs.h.  */
| 
| #include <stdbool.h>
| #ifndef bool
|  "error: bool is not defined"
| #endif
| #ifndef false
|  "error: false is not defined"
| #endif
| #if false
|  "error: false is not 0"
| #endif
| #ifndef true
|  "error: true is not defined"
| #endif
| #if true != 1
|  "error: true is not 1"
| #endif
| #ifndef __bool_true_false_are_defined
|  "error: __bool_true_false_are_defined is not defined"
| #endif
| 
| 	struct s { _Bool s: 1; _Bool t; } s;
| 
| 	char a[true == 1 ? 1 : -1];
| 	char b[false == 0 ? 1 : -1];
| 	char c[__bool_true_false_are_defined == 1 ? 1 : -1];
| 	char d[(bool) 0.5 == true ? 1 : -1];
| 	bool e = &s;
| 	char f[(_Bool) 0.0 == false ? 1 : -1];
| 	char g[true];
| 	char h[sizeof (_Bool)];
| 	char i[sizeof s.t];
| 	enum { j = false, k = true, l = false * true, m = true * 256 };
| 	/* The following fails for
| 	   HP aC++/ANSI C B3910B A.05.55 [Dec 04 2003]. */
| 	_Bool n[m];
| 	char o[sizeof n == m * sizeof n[0] ? 1 : -1];
| 	char p[-1 - (_Bool) 0 < 0 && -1 - (bool) 0 < 0 ? 1 : -1];
| #	if defined __xlc__ || defined __GNUC__
| 	 /* Catch a bug in IBM AIX xlc compiler version 6.0.0.0
| 	    reported by James Lemley on 2005-10-05; see
| 	    http://lists.gnu.org/archive/html/bug-coreutils/2005-10/msg00086.html
| 	    This test is not quite right, since xlc is allowed to
| 	    reject this program, as the initializer for xlcbug is
| 	    not one of the forms that C requires support for.
| 	    However, doing the test right would require a runtime
| 	    test, and that would make cross-compilation harder.
| 	    Let us hope that IBM fixes the xlc bug, and also adds
| 	    support for this kind of constant expression.  In the
| 	    meantime, this test will reject xlc, which is OK, since
| 	    our stdbool.h substitute should suffice.  We also test
| 	    this with GCC, where it should work, to detect more
| 	    quickly whether someone messes up the test in the
| 	    future.  */
| 	 char digs[] = "0123456789";
| 	 int xlcbug = 1 / (&(digs + 5)[-2 + (bool) 1] == &digs[4] ? 1 : -1);
| #	endif
| 	/* Catch a bug in an HP-UX C compiler.  See
| 	   http://gcc.gnu.org/ml/gcc-patches/2003-12/msg02303.html
| 	   http://lists.gnu.org/archive/html/bug-coreutils/2005-11/msg00161.html
| 	 */
| 	_Bool q = true;
| 	_Bool *pq = &q;
| 
| int
| main ()
| {
| 
| 	*pq |= q;
| 	*pq |= ! q;
| 	/* Refer to every declared value, to avoid compiler optimizations.  */
| 	return (!a + !b + !c + !d + !e + !f + !g + !h + !i + !!j + !k + !!l
| 		+ !m + !n + !o + !p + !q + !pq);
| 
|   ;
|   return 0;
| }
configure:5198: result: no
configure:5200: checking for _Bool
configure:5200: gcc -c -g -O2  conftest.c >&5
configure:5200: $? = 0
configure:5200: gcc -c -g -O2  conftest.c >&5
conftest.c: In function 'main':
conftest.c:65: error: expected expression before ')' token
configure:5200: $? = 1
configure: failed program was:
| /* confdefs.h */
| #define PACKAGE_NAME "pngnq"
| #define PACKAGE_TARNAME "pngnq"
| #define PACKAGE_VERSION "1.1"
| #define PACKAGE_STRING "pngnq 1.1"
| #define PACKAGE_BUGREPORT "stuart.coyle@gmail.com"
| #define PACKAGE_URL ""
| #define PACKAGE "pngnq"
| #define VERSION "1.1"
| #define STDC_HEADERS 1
| #define HAVE_SYS_TYPES_H 1
| #define HAVE_SYS_STAT_H 1
| #define HAVE_STDLIB_H 1
| #define HAVE_STRING_H 1
| #define HAVE_MEMORY_H 1
| #define HAVE_STRINGS_H 1
| #define HAVE_INTTYPES_H 1
| #define HAVE_STDINT_H 1
| #define HAVE_UNISTD_H 1
| #define HAVE_CTYPE_H 1
| #define HAVE_SYS_STAT_H 1
| #define HAVE_SYS_TIME_H 1
| #define HAVE_FCNTL_H 1
| #define HAVE_UNISTD_H 1
| #define HAVE_STDLIB_H 1
| #define HAVE_STDLIB_H 1
| #define HAVE_MALLOC 1
| /* end confdefs.h.  */
| #include <stdio.h>
| #ifdef HAVE_SYS_TYPES_H
| # include <sys/types.h>
| #endif
| #ifdef HAVE_SYS_STAT_H
| # include <sys/stat.h>
| #endif
| #ifdef STDC_HEADERS
| # include <stdlib.h>
| # include <stddef.h>
| #else
| # ifdef HAVE_STDLIB_H
| #  include <stdlib.h>
| # endif
| #endif
| #ifdef HAVE_STRING_H
| # if !defined STDC_HEADERS && defined HAVE_MEMORY_H
| #  include <memory.h>
| # endif
| # include <string.h>
| #endif
| #ifdef HAVE_STRINGS_H
| # include <strings.h>
| #endif
| #ifdef HAVE_INTTYPES_H
| # include <inttypes.h>
| #endif
| #ifdef HAVE_STDINT_H
| # include <stdint.h>
| #endif
| #ifdef HAVE_UNISTD_H
| # include <unistd.h>
| #endif
| int
| main ()
| {
| if (sizeof ((_Bool)))
| 	    return 0;
|   ;
|   return 0;
| }
configure:5200: result: yes
configure:5218: checking for library containing zlibVersion
configure:5249: gcc -o conftest -g -O2   conftest.c  >&5
Undefined symbols for architecture x86_64:
  "_zlibVersion", referenced from:
      _main in ccfR8jX5.o
ld: symbol(s) not found for architecture x86_64
collect2: ld returned 1 exit status
configure:5249: $? = 1
configure: failed program was:
| /* confdefs.h */
| #define PACKAGE_NAME "pngnq"
| #define PACKAGE_TARNAME "pngnq"
| #define PACKAGE_VERSION "1.1"
| #define PACKAGE_STRING "pngnq 1.1"
| #define PACKAGE_BUGREPORT "stuart.coyle@gmail.com"
| #define PACKAGE_URL ""
| #define PACKAGE "pngnq"
| #define VERSION "1.1"
| #define STDC_HEADERS 1
| #define HAVE_SYS_TYPES_H 1
| #define HAVE_SYS_STAT_H 1
| #define HAVE_STDLIB_H 1
| #define HAVE_STRING_H 1
| #define HAVE_MEMORY_H 1
| #define HAVE_STRINGS_H 1
| #define HAVE_INTTYPES_H 1
| #define HAVE_STDINT_H 1
| #define HAVE_UNISTD_H 1
| #define HAVE_CTYPE_H 1
| #define HAVE_SYS_STAT_H 1
| #define HAVE_SYS_TIME_H 1
| #define HAVE_FCNTL_H 1
| #define HAVE_UNISTD_H 1
| #define HAVE_STDLIB_H 1
| #define HAVE_STDLIB_H 1
| #define HAVE_MALLOC 1
| #define HAVE__BOOL 1
| /* end confdefs.h.  */
| 
| /* Override any GCC internal prototype to avoid an error.
|    Use char because int might match the return type of a GCC
|    builtin and then its argument prototype would still apply.  */
| #ifdef __cplusplus
| extern "C"
| #endif
| char zlibVersion ();
| int
| main ()
| {
| return zlibVersion ();
|   ;
|   return 0;
| }
configure:5249: gcc -o conftest -g -O2   conftest.c -lz   >&5
configure:5249: $? = 0
configure:5266: result: -lz
configure:5274: checking for library containing sqrt
configure:5305: gcc -o conftest -g -O2   conftest.c -lz  >&5
conftest.c:37: warning: conflicting types for built-in function 'sqrt'
configure:5305: $? = 0
configure:5322: result: none required
configure:5379: checking for pkg-config
configure:5397: found /usr/local/bin/pkg-config
configure:5409: result: /usr/local/bin/pkg-config
configure:5434: checking pkg-config is at least version 0.9.0
configure:5437: result: yes
configure:5448: checking for PNG
configure:5455: $PKG_CONFIG --exists --print-errors "libpng >= 1.2.0"
configure:5458: $? = 0
configure:5471: $PKG_CONFIG --exists --print-errors "libpng >= 1.2.0"
configure:5474: $? = 0
configure:5528: result: yes
configure:5536: checking for getopt
configure:5536: gcc -o conftest -g -O2   conftest.c -lz  >&5
configure:5536: $? = 0
configure:5536: result: yes
configure:5547: checking for floor
configure:5547: gcc -o conftest -g -O2   conftest.c -lz  >&5
conftest.c:54: warning: conflicting types for built-in function 'floor'
configure:5547: $? = 0
configure:5547: result: yes
configure:5558: checking for memmove
configure:5558: gcc -o conftest -g -O2   conftest.c -lz  >&5
conftest.c:55: warning: conflicting types for built-in function 'memmove'
configure:5558: $? = 0
configure:5558: result: yes
configure:5569: checking for memset
configure:5569: gcc -o conftest -g -O2   conftest.c -lz  >&5
conftest.c:56: warning: conflicting types for built-in function 'memset'
configure:5569: $? = 0
configure:5569: result: yes
configure:5580: checking for pow
configure:5580: gcc -o conftest -g -O2   conftest.c -lz  >&5
conftest.c:57: warning: conflicting types for built-in function 'pow'
configure:5580: $? = 0
configure:5580: result: yes
configure:5591: checking for sqrt
configure:5591: gcc -o conftest -g -O2   conftest.c -lz  >&5
conftest.c:58: warning: conflicting types for built-in function 'sqrt'
configure:5591: $? = 0
configure:5591: result: yes
configure:5602: checking for strchr
configure:5602: gcc -o conftest -g -O2   conftest.c -lz  >&5
conftest.c:59: warning: conflicting types for built-in function 'strchr'
configure:5602: $? = 0
configure:5602: result: yes
configure:5613: checking for strrchr
configure:5613: gcc -o conftest -g -O2   conftest.c -lz  >&5
conftest.c:60: warning: conflicting types for built-in function 'strrchr'
configure:5613: $? = 0
configure:5613: result: yes
configure:5761: creating ./config.status

## ---------------------- ##
## Running config.status. ##
## ---------------------- ##

This file was extended by pngnq config.status 1.1, which was
generated by GNU Autoconf 2.65.  Invocation command line was

  CONFIG_FILES    = 
  CONFIG_HEADERS  = 
  CONFIG_LINKS    = 
  CONFIG_COMMANDS = 
  $ ./config.status 

on Cogito.local

config.status:875: creating Makefile
config.status:875: creating src/Makefile
config.status:875: creating freegetopt/Makefile
config.status:875: creating src/config.h
config.status:1095: executing depfiles commands

## ---------------- ##
## Cache variables. ##
## ---------------- ##

ac_cv_c_compiler_gnu=yes
ac_cv_c_const=yes
ac_cv_env_CC_set=
ac_cv_env_CC_value=
ac_cv_env_CFLAGS_set=
ac_cv_env_CFLAGS_value=
ac_cv_env_CPPFLAGS_set=
ac_cv_env_CPPFLAGS_value=
ac_cv_env_CPP_set=
ac_cv_env_CPP_value=
ac_cv_env_LDFLAGS_set=
ac_cv_env_LDFLAGS_value=
ac_cv_env_LIBS_set=
ac_cv_env_LIBS_value=
ac_cv_env_PKG_CONFIG_set=
ac_cv_env_PKG_CONFIG_value=
ac_cv_env_PNG_CFLAGS_set=
ac_cv_env_PNG_CFLAGS_value=
ac_cv_env_PNG_LIBS_set=
ac_cv_env_PNG_LIBS_value=
ac_cv_env_build_alias_set=
ac_cv_env_build_alias_value=
ac_cv_env_host_alias_set=
ac_cv_env_host_alias_value=
ac_cv_env_target_alias_set=
ac_cv_env_target_alias_value=
ac_cv_func_floor=yes
ac_cv_func_getopt=yes
ac_cv_func_lstat_dereferences_slashed_symlink=no
ac_cv_func_malloc_0_nonnull=yes
ac_cv_func_memmove=yes
ac_cv_func_memset=yes
ac_cv_func_pow=yes
ac_cv_func_sqrt=yes
ac_cv_func_stat_empty_string_bug=no
ac_cv_func_strchr=yes
ac_cv_func_strrchr=yes
ac_cv_header_ctype_h=yes
ac_cv_header_fcntl_h=yes
ac_cv_header_inttypes_h=yes
ac_cv_header_memory_h=yes
ac_cv_header_stdbool_h=no
ac_cv_header_stdc=yes
ac_cv_header_stdint_h=yes
ac_cv_header_stdlib_h=yes
ac_cv_header_string_h=yes
ac_cv_header_strings_h=yes
ac_cv_header_sys_stat_h=yes
ac_cv_header_sys_time_h=yes
ac_cv_header_sys_types_h=yes
ac_cv_header_unistd_h=yes
ac_cv_header_valgrind_callgrind_h=no
ac_cv_objext=o
ac_cv_path_EGREP='/usr/bin/grep -E'
ac_cv_path_GREP=/usr/bin/grep
ac_cv_path_ac_pt_PKG_CONFIG=/usr/local/bin/pkg-config
ac_cv_path_install='/usr/bin/install -c'
ac_cv_prog_AWK=awk
ac_cv_prog_CPP='gcc -E'
ac_cv_prog_HAS_LIBPNG_CONFIG=1
ac_cv_prog_ac_ct_CC=gcc
ac_cv_prog_cc_c89=
ac_cv_prog_cc_g=yes
ac_cv_prog_make_make_set=yes
ac_cv_search_sqrt='none required'
ac_cv_search_zlibVersion=-lz
ac_cv_type__Bool=yes
am_cv_CC_dependencies_compiler_type=gcc3
pkg_cv_PNG_CFLAGS='-I/usr/X11/include/libpng15  '
pkg_cv_PNG_LIBS='-L/usr/X11/lib -lpng15  '

## ----------------- ##
## Output variables. ##
## ----------------- ##

ACLOCAL='${SHELL} /Users/kstenerud/tmp/png/pngnq-1.1/missing --run aclocal-1.11'
AMDEPBACKSLASH='\'
AMDEP_FALSE='#'
AMDEP_TRUE=''
AMTAR='${SHELL} /Users/kstenerud/tmp/png/pngnq-1.1/missing --run tar'
AUTOCONF='${SHELL} /Users/kstenerud/tmp/png/pngnq-1.1/missing --run autoconf'
AUTOHEADER='${SHELL} /Users/kstenerud/tmp/png/pngnq-1.1/missing --run autoheader'
AUTOMAKE='${SHELL} /Users/kstenerud/tmp/png/pngnq-1.1/missing --run automake-1.11'
AWK='awk'
CC='gcc'
CCDEPMODE='depmode=gcc3'
CFLAGS='-g -O2'
CPP='gcc -E'
CPPFLAGS=''
CYGPATH_W='echo'
DEFS='-DHAVE_CONFIG_H'
DEPDIR='.deps'
ECHO_C='\c'
ECHO_N=''
ECHO_T=''
EGREP='/usr/bin/grep -E'
EXEEXT=''
GREP='/usr/bin/grep'
HAS_LIBPNG_CONFIG='1'
INSTALL_DATA='${INSTALL} -m 644'
INSTALL_PROGRAM='${INSTALL}'
INSTALL_SCRIPT='${INSTALL}'
INSTALL_STRIP_PROGRAM='$(install_sh) -c -s'
LDFLAGS=''
LIBOBJS=' ${LIBOBJDIR}lstat$U.o'
LIBS='-lz '
LTLIBOBJS=' ${LIBOBJDIR}lstat$U.lo'
MAKEINFO='${SHELL} /Users/kstenerud/tmp/png/pngnq-1.1/missing --run makeinfo'
MKDIR_P='./install-sh -c -d'
OBJEXT='o'
PACKAGE='pngnq'
PACKAGE_BUGREPORT='stuart.coyle@gmail.com'
PACKAGE_NAME='pngnq'
PACKAGE_STRING='pngnq 1.1'
PACKAGE_TARNAME='pngnq'
PACKAGE_URL=''
PACKAGE_VERSION='1.1'
PATH_SEPARATOR=':'
PKG_CONFIG='/usr/local/bin/pkg-config'
PNG_CFLAGS='-I/usr/X11/include/libpng15  '
PNG_LIBS='-L/usr/X11/lib -lpng15  '
SET_MAKE=''
SHELL='/bin/sh'
STRIP=''
USE_FREEGETOPT_FALSE=''
USE_FREEGETOPT_TRUE='#'
VERSION='1.1'
ac_ct_CC='gcc'
am__EXEEXT_FALSE=''
am__EXEEXT_TRUE='#'
am__fastdepCC_FALSE='#'
am__fastdepCC_TRUE=''
am__include='include'
am__isrc=''
am__leading_dot='.'
am__quote=''
am__tar='${AMTAR} chof - "$$tardir"'
am__untar='${AMTAR} xf -'
bindir='${exec_prefix}/bin'
build_alias=''
datadir='${datarootdir}'
datarootdir='${prefix}/share'
docdir='${datarootdir}/doc/${PACKAGE_TARNAME}'
dvidir='${docdir}'
exec_prefix='${prefix}'
host_alias=''
htmldir='${docdir}'
includedir='${prefix}/include'
infodir='${datarootdir}/info'
install_sh='${SHELL} /Users/kstenerud/tmp/png/pngnq-1.1/install-sh'
libdir='${exec_prefix}/lib'
libexecdir='${exec_prefix}/libexec'
localedir='${datarootdir}/locale'
localstatedir='${prefix}/var'
mandir='${datarootdir}/man'
mkdir_p='$(top_builddir)/./install-sh -c -d'
oldincludedir='/usr/include'
pdfdir='${docdir}'
prefix='/usr/local'
program_transform_name='s,x,x,'
psdir='${docdir}'
sbindir='${exec_prefix}/sbin'
sharedstatedir='${prefix}/com'
sysconfdir='${prefix}/etc'
target_alias=''

## ----------- ##
## confdefs.h. ##
## ----------- ##

/* confdefs.h */
#define PACKAGE_NAME "pngnq"
#define PACKAGE_TARNAME "pngnq"
#define PACKAGE_VERSION "1.1"
#define PACKAGE_STRING "pngnq 1.1"
#define PACKAGE_BUGREPORT "stuart.coyle@gmail.com"
#define PACKAGE_URL ""
#define PACKAGE "pngnq"
#define VERSION "1.1"
#define STDC_HEADERS 1
#define HAVE_SYS_TYPES_H 1
#define HAVE_SYS_STAT_H 1
#define HAVE_STDLIB_H 1
#define HAVE_STRING_H 1
#define HAVE_MEMORY_H 1
#define HAVE_STRINGS_H 1
#define HAVE_INTTYPES_H 1
#define HAVE_STDINT_H 1
#define HAVE_UNISTD_H 1
#define HAVE_CTYPE_H 1
#define HAVE_SYS_STAT_H 1
#define HAVE_SYS_TIME_H 1
#define HAVE_FCNTL_H 1
#define HAVE_UNISTD_H 1
#define HAVE_STDLIB_H 1
#define HAVE_STDLIB_H 1
#define HAVE_MALLOC 1
#define HAVE__BOOL 1
#define HAVE_GETOPT 1
#define HAVE_FLOOR 1
#define HAVE_MEMMOVE 1
#define HAVE_MEMSET 1
#define HAVE_POW 1
#define HAVE_SQRT 1
#define HAVE_STRCHR 1
#define HAVE_STRRCHR 1

configure: exit 0
